<3> 2019-04-27 08:33:57  DM_Log_Init, success
<3> 2019-04-27 08:33:57  DM_Get_Sys_Info, <In>
<3> 2019-04-27 08:33:58  DM_Get_Sys_Info, success
<3> 2019-04-27 08:33:58  DM_Get_User_info, <In>
<3> 2019-04-27 08:33:58  DM_Get_User_info, success
<3> 2019-04-27 08:33:58  DM_Open, success
<3> 2019-04-27 08:33:58  DM_Close, success
<3> 2019-04-27 08:36:33  DM_Log_Init, success
<3> 2019-04-27 08:36:33  DM_Get_Sys_Info, <In>
<3> 2019-04-27 08:36:33  DM_Get_Sys_Info, success
<3> 2019-04-27 08:36:33  DM_Get_User_info, <In>
<3> 2019-04-27 08:36:33  DM_Get_User_info, success
<3> 2019-04-27 08:36:33  DM_Get_Net_info, <In>
<3> 2019-04-27 08:36:33  DM_Get_Net_info, success
<3> 2019-04-27 08:36:33  DM_Open, success
<3> 2019-04-27 08:36:33  DM_Close, success
<3> 2019-04-27 08:37:54  DM_Log_Init, success
<3> 2019-04-27 08:37:54  DM_Get_Sys_Info, <In>
<3> 2019-04-27 08:37:54  DM_Get_Sys_Info, success
<3> 2019-04-27 08:37:54  DM_Get_User_info, <In>
<3> 2019-04-27 08:37:54  DM_Get_User_info, success
<3> 2019-04-27 08:37:54  DM_Get_Net_info, <In>
<3> 2019-04-27 08:37:54  DM_Get_Net_info, success
<3> 2019-04-27 08:37:54  DM_Open, success
<3> 2019-04-27 08:37:54  DM_Close, success
<3> 2019-04-27 08:55:50  DM_Log_Init, success
<3> 2019-04-27 08:55:50  DM_Get_Sys_Info, <In>
<3> 2019-04-27 08:55:50  DM_Get_Sys_Info, success
<3> 2019-04-27 08:55:50  DM_Get_User_info, <In>
<3> 2019-04-27 08:55:51  DM_Get_User_info, success
<3> 2019-04-27 08:55:51  DM_Get_Net_info, <In>
<3> 2019-04-27 08:56:48  DM_Log_Init, success
<3> 2019-04-27 08:56:48  DM_Get_Sys_Info, <In>
<3> 2019-04-27 08:56:48  DM_Get_Sys_Info, success
<3> 2019-04-27 08:56:48  DM_Get_User_info, <In>
<3> 2019-04-27 08:56:48  DM_Get_User_info, success
<3> 2019-04-27 08:56:48  DM_Get_Net_info, <In>
<3> 2019-04-27 08:58:24  DM_Log_Init, success
<3> 2019-04-27 08:58:24  DM_Get_Sys_Info, <In>
<3> 2019-04-27 08:58:24  DM_Get_Sys_Info, success
<3> 2019-04-27 08:58:24  DM_Get_User_info, <In>
<3> 2019-04-27 08:58:24  DM_Get_User_info, success
<3> 2019-04-27 08:58:24  DM_Get_Net_info, <In>
<3> 2019-04-27 08:58:24  DM_Get_Net_info, success
<3> 2019-04-27 08:58:24  DM_Open, success
<3> 2019-04-27 08:58:24  DM_Close, success
<3> 2019-04-27 08:59:06  DM_Log_Init, success
<3> 2019-04-27 08:59:06  DM_Get_Sys_Info, <In>
<3> 2019-04-27 08:59:06  DM_Get_Sys_Info, success
<3> 2019-04-27 08:59:06  DM_Get_User_info, <In>
<3> 2019-04-27 08:59:06  DM_Get_User_info, success
<3> 2019-04-27 08:59:06  DM_Get_Net_info, <In>
<3> 2019-04-27 09:02:21  DM_Log_Init, success
<3> 2019-04-27 09:02:21  DM_Get_Sys_Info, <In>
<3> 2019-04-27 09:02:21  DM_Get_Sys_Info, success
<3> 2019-04-27 09:02:21  DM_Get_User_info, <In>
<3> 2019-04-27 09:02:21  DM_Get_User_info, success
<3> 2019-04-27 09:02:21  DM_Get_Net_info, <In>
<3> 2019-04-27 09:02:21  DM_Get_Net_info, success
<3> 2019-04-27 09:02:21  DM_Open, success
<3> 2019-04-27 09:02:21  DM_Close, success
<3> 2019-04-27 09:02:59  DM_Log_Init, success
<3> 2019-04-27 09:02:59  DM_Get_Sys_Info, <In>
<3> 2019-04-27 09:02:59  DM_Get_Sys_Info, success
<3> 2019-04-27 09:02:59  DM_Get_User_info, <In>
<3> 2019-04-27 09:02:59  DM_Get_User_info, success
<3> 2019-04-27 09:02:59  DM_Get_Net_info, <In>
<3> 2019-04-27 09:02:59  DM_Get_Net_info, success
<3> 2019-04-27 09:02:59  DM_Open, success
<3> 2019-04-27 09:02:59  DM_Close, success
<3> 2019-04-27 09:11:02  DM_Log_Init, success
<3> 2019-04-27 09:11:02  DM_Get_Sys_Info, <In>
<3> 2019-04-27 09:11:02  DM_Get_Sys_Info, success
<3> 2019-04-27 09:11:02  DM_Get_User_info, <In>
<3> 2019-04-27 09:11:02  DM_Get_User_info, success
<3> 2019-04-27 09:11:02  DM_Get_Net_info, <In>
<3> 2019-04-27 09:11:02  DM_Get_Net_info, success
<3> 2019-04-27 09:11:02  DM_Open, success
<3> 2019-04-27 09:11:02  DM_Close, success
<3> 2019-04-27 09:11:56  DM_Log_Init, success
<3> 2019-04-27 09:11:56  DM_Get_Sys_Info, <In>
<3> 2019-04-27 09:11:56  DM_Get_Sys_Info, success
<3> 2019-04-27 09:11:56  DM_Get_User_info, <In>
<3> 2019-04-27 09:11:56  DM_Get_User_info, success
<3> 2019-04-27 09:11:56  DM_Get_Net_info, <In>
<3> 2019-04-27 09:11:56  DM_Get_Net_info, success
<3> 2019-04-27 09:11:56  DM_Open, success
<3> 2019-04-27 09:11:56  DM_Close, success
<3> 2019-04-27 09:13:33  DM_Log_Init, success
<3> 2019-04-27 09:13:33  DM_Get_Sys_Info, <In>
<3> 2019-04-27 09:13:33  DM_Get_Sys_Info, success
<3> 2019-04-27 09:13:33  DM_Get_User_info, <In>
<3> 2019-04-27 09:13:33  DM_Get_User_info, success
<3> 2019-04-27 09:13:33  DM_Get_Net_info, <In>
<3> 2019-04-27 09:13:33  DM_Get_Net_info, success
<3> 2019-04-27 09:13:33  DM_Open, success
<3> 2019-04-27 09:13:33  DM_Close, success
<3> 2019-04-27 09:14:11  DM_Log_Init, success
<3> 2019-04-27 09:14:11  DM_Get_Sys_Info, <In>
<3> 2019-04-27 09:14:12  DM_Get_Sys_Info, success
<3> 2019-04-27 09:14:12  DM_Get_User_info, <In>
<3> 2019-04-27 09:14:12  DM_Get_User_info, success
<3> 2019-04-27 09:14:12  DM_Get_Net_info, <In>
<3> 2019-04-27 09:14:12  DM_Get_Net_info, success
<3> 2019-04-27 09:14:12  DM_Open, success
<3> 2019-04-27 09:14:12  DM_Close, success
<3> 2019-04-27 09:15:00  DM_Log_Init, success
<3> 2019-04-27 09:15:00  DM_Get_Sys_Info, <In>
<3> 2019-04-27 09:15:00  DM_Get_Sys_Info, success
<3> 2019-04-27 09:15:00  DM_Get_User_info, <In>
<3> 2019-04-27 09:15:00  DM_Get_User_info, success
<3> 2019-04-27 09:15:00  DM_Get_Net_info, <In>
<3> 2019-04-27 09:15:00  DM_Get_Net_info, success
<3> 2019-04-27 09:15:00  DM_Open, success
<3> 2019-04-27 09:15:00  DM_Close, success
<3> 2019-04-27 09:15:40  DM_Log_Init, success
<3> 2019-04-27 09:15:40  DM_Get_Sys_Info, <In>
<3> 2019-04-27 09:15:41  DM_Get_Sys_Info, success
<3> 2019-04-27 09:15:41  DM_Get_User_info, <In>
<3> 2019-04-27 09:15:41  DM_Get_User_info, success
<3> 2019-04-27 09:15:41  DM_Get_Net_info, <In>
<3> 2019-04-27 09:15:41  DM_Get_Net_info, success
<3> 2019-04-27 09:15:41  DM_Open, success
<3> 2019-04-27 09:15:41  DM_Close, success
<3> 2019-04-27 09:17:27  DM_Log_Init, success
<3> 2019-04-27 09:17:27  DM_Get_Sys_Info, <In>
<3> 2019-04-27 09:17:27  DM_Get_Sys_Info, success
<3> 2019-04-27 09:17:27  DM_Get_User_info, <In>
<3> 2019-04-27 09:17:27  DM_Get_User_info, success
<3> 2019-04-27 09:17:27  DM_Get_Net_info, <In>
<3> 2019-04-27 09:17:27  DM_Get_Net_info, success
<3> 2019-04-27 09:17:27  DM_Open, success
<3> 2019-04-27 09:17:27  DM_Close, success
<3> 2019-04-27 09:18:03  DM_Log_Init, success
<3> 2019-04-27 09:18:03  DM_Get_Sys_Info, <In>
<3> 2019-04-27 09:18:03  DM_Get_Sys_Info, success
<3> 2019-04-27 09:18:03  DM_Get_User_info, <In>
<3> 2019-04-27 09:18:03  DM_Get_User_info, success
<3> 2019-04-27 09:18:03  DM_Get_Net_info, <In>
<3> 2019-04-27 09:18:03  DM_Get_Net_info, success
<3> 2019-04-27 09:18:03  DM_Open, success
<3> 2019-04-27 09:18:03  DM_Close, success
<3> 2019-04-27 10:00:38  DM_Log_Init, success
<3> 2019-04-27 10:00:38  DM_Get_Sys_Info, <In>
<3> 2019-04-27 10:00:38  DM_Get_Sys_Info, success
<3> 2019-04-27 10:00:38  DM_Get_User_info, <In>
<3> 2019-04-27 10:00:38  DM_Get_User_info, success
<3> 2019-04-27 10:00:38  DM_Get_Net_info, <In>
<3> 2019-04-27 10:00:38  DM_Get_Net_info, success
<3> 2019-04-27 10:00:38  DM_Open, success
<3> 2019-04-27 10:00:38  DM_Close, success
<3> 2019-04-27 10:01:34  DM_Log_Init, success
<3> 2019-04-27 10:01:34  DM_Get_Sys_Info, <In>
<3> 2019-04-27 10:01:34  DM_Get_Sys_Info, success
<3> 2019-04-27 10:01:34  DM_Get_User_info, <In>
<3> 2019-04-27 10:01:34  DM_Get_User_info, success
<3> 2019-04-27 10:01:34  DM_Get_Net_info, <In>
<3> 2019-04-27 10:01:34  DM_Get_Net_info, success
<3> 2019-04-27 10:01:34  DM_Open, success
<3> 2019-04-27 10:01:34  DM_Close, success
<3> 2019-04-27 10:01:57  DM_Log_Init, success
<3> 2019-04-27 10:01:57  DM_Get_Sys_Info, <In>
<3> 2019-04-27 10:01:57  DM_Get_Sys_Info, success
<3> 2019-04-27 10:01:57  DM_Get_User_info, <In>
<3> 2019-04-27 10:01:57  DM_Get_User_info, success
<3> 2019-04-27 10:01:57  DM_Get_Net_info, <In>
<3> 2019-04-27 10:01:57  DM_Get_Net_info, success
<3> 2019-04-27 10:01:57  DM_Open, success
<3> 2019-04-27 10:01:57  DM_Close, success
<3> 2019-04-27 10:02:40  DM_Log_Init, success
<3> 2019-04-27 10:02:40  DM_Get_Sys_Info, <In>
<3> 2019-04-27 10:02:40  DM_Get_Sys_Info, success
<3> 2019-04-27 10:02:40  DM_Get_User_info, <In>
<3> 2019-04-27 10:02:40  DM_Get_User_info, success
<3> 2019-04-27 10:02:40  DM_Get_Net_info, <In>
<3> 2019-04-27 10:02:41  DM_Get_Net_info, success
<3> 2019-04-27 10:02:41  DM_Open, success
<3> 2019-04-27 10:02:41  DM_Close, success
<3> 2019-04-27 10:09:32  DM_Log_Init, success
<3> 2019-04-27 10:09:32  DM_Get_Sys_Info, <In>
<3> 2019-04-27 10:09:32  DM_Get_Sys_Info, success
<3> 2019-04-27 10:09:32  DM_Get_User_info, <In>
<3> 2019-04-27 10:09:32  DM_Get_User_info, success
<3> 2019-04-27 10:09:32  DM_Get_Net_info, <In>
<3> 2019-04-27 10:09:32  DM_Get_Net_info, success
<3> 2019-04-27 10:09:32  DM_Open, success
<3> 2019-04-27 10:09:32  DM_Close, success
<3> 2019-04-27 14:03:25  DM_Log_Init, success
<3> 2019-04-27 14:03:25  DM_Get_Sys_Info, <In>
<3> 2019-04-27 14:03:25  DM_Get_Sys_Info, success
<3> 2019-04-27 14:03:25  DM_Get_User_info, <In>
<3> 2019-04-27 14:03:25  DM_Get_User_info, success
<3> 2019-04-27 14:03:25  DM_Get_Net_info, <In>
<3> 2019-04-27 14:03:25  DM_Get_Net_info, success
<3> 2019-04-27 14:03:25  DM_Open, success
<3> 2019-04-27 14:03:25  DM_Close, success
<3> 2019-04-27 14:04:21  DM_Log_Init, success
<3> 2019-04-27 14:04:21  DM_Get_Sys_Info, <In>
<3> 2019-04-27 14:04:21  DM_Get_Sys_Info, success
<3> 2019-04-27 14:04:21  DM_Get_User_info, <In>
<3> 2019-04-27 14:04:21  DM_Get_User_info, success
<3> 2019-04-27 14:04:21  DM_Get_Net_info, <In>
<3> 2019-04-27 14:04:21  DM_Get_Net_info, success
<3> 2019-04-27 14:04:21  DM_Open, success
<3> 2019-04-27 14:04:21  DM_Close, success
<3> 2019-04-27 14:08:09  DM_Log_Init, success
<3> 2019-04-27 14:08:09  DM_Get_Sys_Info, <In>
<3> 2019-04-27 14:08:09  DM_Get_Sys_Info, success
<3> 2019-04-27 14:08:09  DM_Get_User_info, <In>
<3> 2019-04-27 14:08:09  DM_Get_User_info, success
<3> 2019-04-27 14:08:09  DM_Get_Net_info, <In>
<3> 2019-04-27 14:08:09  DM_Get_Net_info, success
<3> 2019-04-27 14:08:09  DM_Open, success
<3> 2019-04-27 14:08:09  DM_Close, success
<3> 2019-04-27 15:55:51  DM_Log_Init, success
<3> 2019-04-27 15:55:51  DM_Get_Sys_Info, <In>
<3> 2019-04-27 15:55:51  DM_Get_Sys_Info, success
<3> 2019-04-27 15:55:51  DM_Get_User_info, <In>
<3> 2019-04-27 15:55:51  DM_Get_User_info, success
<3> 2019-04-27 15:55:51  DM_Get_Net_info, <In>
<3> 2019-04-27 15:55:51  DM_Get_Net_info, success
<3> 2019-04-27 15:55:51  DM_Open, success
<3> 2019-04-27 15:55:51  DM_Close, success
